Determining if the pthread_create exist failed with the following output:
Change Dir: /home/xinyu/workspace/360/apriltags_tas/catkin_ws/build_isolated/apriltags_tas/CMakeFiles/CMakeTmp

Run Build Command:"/usr/bin/make" "cmTC_0416f/fast"
/usr/bin/make -f CMakeFiles/cmTC_0416f.dir/build.make CMakeFiles/cmTC_0416f.dir/build
make[1]: 进入目录“/home/xinyu/workspace/360/apriltags_tas/catkin_ws/build_isolated/apriltags_tas/CMakeFiles/CMakeTmp”
Building C object CMakeFiles/cmTC_0416f.dir/CheckSymbolExists.c.o
/usr/bin/cc    -o CMakeFiles/cmTC_0416f.dir/CheckSymbolExists.c.o   -c /home/xinyu/workspace/360/apriltags_tas/catkin_ws/build_isolated/apriltags_tas/CMakeFiles/CMakeTmp/CheckSymbolExists.c
Linking C executable cmTC_0416f
/usr/bin/cmake -E cmake_link_script CMakeFiles/cmTC_0416f.dir/link.txt --verbose=1
/usr/bin/cc      -rdynamic CMakeFiles/cmTC_0416f.dir/CheckSymbolExists.c.o  -o cmTC_0416f 
CMakeFiles/cmTC_0416f.dir/CheckSymbolExists.c.o：在函数‘main’中：
CheckSymbolExists.c:(.text+0x1b)：对‘pthread_create’未定义的引用
collect2: error: ld returned 1 exit status
CMakeFiles/cmTC_0416f.dir/build.make:97: recipe for target 'cmTC_0416f' failed
make[1]: *** [cmTC_0416f] Error 1
make[1]: 离开目录“/home/xinyu/workspace/360/apriltags_tas/catkin_ws/build_isolated/apriltags_tas/CMakeFiles/CMakeTmp”
Makefile:126: recipe for target 'cmTC_0416f/fast' failed
make: *** [cmTC_0416f/fast] Error 2

File /home/xinyu/workspace/360/apriltags_tas/catkin_ws/build_isolated/apriltags_tas/CMakeFiles/CMakeTmp/CheckSymbolExists.c:
/* */
#include <pthread.h>

int main(int argc, char** argv)
{
  (void)argv;
#ifndef pthread_create
  return ((int*)(&pthread_create))[argc];
#else
  (void)argc;
  return 0;
#endif
}

Determining if the function pthread_create exists in the pthreads failed with the following output:
Change Dir: /home/xinyu/workspace/360/apriltags_tas/catkin_ws/build_isolated/apriltags_tas/CMakeFiles/CMakeTmp

Run Build Command:"/usr/bin/make" "cmTC_f7724/fast"
/usr/bin/make -f CMakeFiles/cmTC_f7724.dir/build.make CMakeFiles/cmTC_f7724.dir/build
make[1]: 进入目录“/home/xinyu/workspace/360/apriltags_tas/catkin_ws/build_isolated/apriltags_tas/CMakeFiles/CMakeTmp”
Building C object CMakeFiles/cmTC_f7724.dir/CheckFunctionExists.c.o
/usr/bin/cc   -DCHECK_FUNCTION_EXISTS=pthread_create   -o CMakeFiles/cmTC_f7724.dir/CheckFunctionExists.c.o   -c /usr/share/cmake-3.10/Modules/CheckFunctionExists.c
Linking C executable cmTC_f7724
/usr/bin/cmake -E cmake_link_script CMakeFiles/cmTC_f7724.dir/link.txt --verbose=1
/usr/bin/cc  -DCHECK_FUNCTION_EXISTS=pthread_create    -rdynamic CMakeFiles/cmTC_f7724.dir/CheckFunctionExists.c.o  -o cmTC_f7724 -lpthreads 
/usr/bin/ld: 找不到 -lpthreads
collect2: error: ld returned 1 exit status
CMakeFiles/cmTC_f7724.dir/build.make:97: recipe for target 'cmTC_f7724' failed
make[1]: *** [cmTC_f7724] Error 1
make[1]: 离开目录“/home/xinyu/workspace/360/apriltags_tas/catkin_ws/build_isolated/apriltags_tas/CMakeFiles/CMakeTmp”
Makefile:126: recipe for target 'cmTC_f7724/fast' failed
make: *** [cmTC_f7724/fast] Error 2


